if [ 1 -eq 1 ]; then \
	make -C DX910-SW-99002-r4p0-00rel0/driver/src/devicedrv/ump CONFIG=ca8-virtex820-m400-1 BUILD=release KDIR=/home/vagrant/orangepi_h3_linux/OrangePi-Kernel/linux-3.4.113 clean; \
fi
make[1]: Entering directory '/home/vagrant/orangepi_h3_linux/OrangePi-Kernel/linux-3.4.113/modules/mali/DX910-SW-99002-r4p0-00rel0/driver/src/devicedrv/ump'
make -C /home/vagrant/orangepi_h3_linux/OrangePi-Kernel/linux-3.4.113 M=/home/vagrant/orangepi_h3_linux/OrangePi-Kernel/linux-3.4.113/modules/mali/DX910-SW-99002-r4p0-00rel0/driver/src/devicedrv/ump clean
make[2]: Entering directory '/home/vagrant/orangepi_h3_linux/OrangePi-Kernel/linux-3.4.113'
make[2]: Leaving directory '/home/vagrant/orangepi_h3_linux/OrangePi-Kernel/linux-3.4.113'
make -C /home/vagrant/orangepi_h3_linux/OrangePi-Kernel/linux-3.4.113 M=/home/vagrant/orangepi_h3_linux/OrangePi-Kernel/linux-3.4.113/modules/mali/DX910-SW-99002-r4p0-00rel0/driver/src/devicedrv/ump/../mali clean
make[2]: Entering directory '/home/vagrant/orangepi_h3_linux/OrangePi-Kernel/linux-3.4.113'
make[2]: Leaving directory '/home/vagrant/orangepi_h3_linux/OrangePi-Kernel/linux-3.4.113'
make[1]: Leaving directory '/home/vagrant/orangepi_h3_linux/OrangePi-Kernel/linux-3.4.113/modules/mali/DX910-SW-99002-r4p0-00rel0/driver/src/devicedrv/ump'
make -C DX910-SW-99002-r4p0-00rel0/driver/src/devicedrv/mali USING_MMU=1 USING_UMP=1 USING_PMM=1 BUILD=release \
	KDIR=/home/vagrant/orangepi_h3_linux/OrangePi-Kernel/linux-3.4.113 clean
make[1]: Entering directory '/home/vagrant/orangepi_h3_linux/OrangePi-Kernel/linux-3.4.113/modules/mali/DX910-SW-99002-r4p0-00rel0/driver/src/devicedrv/mali'
Makefile:76: 
make ARCH=arm -C /home/vagrant/orangepi_h3_linux/OrangePi-Kernel/linux-3.4.113 M=/home/vagrant/orangepi_h3_linux/OrangePi-Kernel/linux-3.4.113/modules/mali/DX910-SW-99002-r4p0-00rel0/driver/src/devicedrv/mali clean
make[2]: Entering directory '/home/vagrant/orangepi_h3_linux/OrangePi-Kernel/linux-3.4.113'
make[2]: Leaving directory '/home/vagrant/orangepi_h3_linux/OrangePi-Kernel/linux-3.4.113'
make[1]: Leaving directory '/home/vagrant/orangepi_h3_linux/OrangePi-Kernel/linux-3.4.113/modules/mali/DX910-SW-99002-r4p0-00rel0/driver/src/devicedrv/mali'
make -C DX910-SW-99002-r4p0-00rel0/driver/src/egl/x11/drm_module/mali_drm USING_MMU=1 BUILD=release KDIR=/home/vagrant/orangepi_h3_linux/OrangePi-Kernel/linux-3.4.113 clean
make[1]: Entering directory '/home/vagrant/orangepi_h3_linux/OrangePi-Kernel/linux-3.4.113/modules/mali/DX910-SW-99002-r4p0-00rel0/driver/src/egl/x11/drm_module/mali_drm'
make ARCH=arm -C /home/vagrant/orangepi_h3_linux/OrangePi-Kernel/linux-3.4.113 M=/home/vagrant/orangepi_h3_linux/OrangePi-Kernel/linux-3.4.113/modules/mali/DX910-SW-99002-r4p0-00rel0/driver/src/egl/x11/drm_module/mali_drm clean
make[2]: Entering directory '/home/vagrant/orangepi_h3_linux/OrangePi-Kernel/linux-3.4.113'
make[2]: Leaving directory '/home/vagrant/orangepi_h3_linux/OrangePi-Kernel/linux-3.4.113'
make[1]: Leaving directory '/home/vagrant/orangepi_h3_linux/OrangePi-Kernel/linux-3.4.113/modules/mali/DX910-SW-99002-r4p0-00rel0/driver/src/egl/x11/drm_module/mali_drm'
LICHEE_KDIR: /home/vagrant/orangepi_h3_linux/OrangePi-Kernel/linux-3.4.113
LICHEE_PLATFORM: linux
UMP_ENABLE: 1
if [ 1 -eq 1 ]; then \
	make -j16 -C DX910-SW-99002-r4p0-00rel0/driver/src/devicedrv/ump CONFIG=ca8-virtex820-m400-1 BUILD=release KDIR=/home/vagrant/orangepi_h3_linux/OrangePi-Kernel/linux-3.4.113; \
fi
make[1]: Entering directory '/home/vagrant/orangepi_h3_linux/OrangePi-Kernel/linux-3.4.113/modules/mali/DX910-SW-99002-r4p0-00rel0/driver/src/devicedrv/ump'
make -C /home/vagrant/orangepi_h3_linux/OrangePi-Kernel/linux-3.4.113 M=/home/vagrant/orangepi_h3_linux/OrangePi-Kernel/linux-3.4.113/modules/mali/DX910-SW-99002-r4p0-00rel0/driver/src/devicedrv/ump modules
make[2]: Entering directory '/home/vagrant/orangepi_h3_linux/OrangePi-Kernel/linux-3.4.113'
  CC [M]  /home/vagrant/orangepi_h3_linux/OrangePi-Kernel/linux-3.4.113/modules/mali/DX910-SW-99002-r4p0-00rel0/driver/src/devicedrv/ump/common/ump_kernel_common.o
  CC [M]  /home/vagrant/orangepi_h3_linux/OrangePi-Kernel/linux-3.4.113/modules/mali/DX910-SW-99002-r4p0-00rel0/driver/src/devicedrv/ump/common/ump_kernel_descriptor_mapping.o
  CC [M]  /home/vagrant/orangepi_h3_linux/OrangePi-Kernel/linux-3.4.113/modules/mali/DX910-SW-99002-r4p0-00rel0/driver/src/devicedrv/ump/common/ump_kernel_ref_drv.o
  CC [M]  /home/vagrant/orangepi_h3_linux/OrangePi-Kernel/linux-3.4.113/modules/mali/DX910-SW-99002-r4p0-00rel0/driver/src/devicedrv/ump/common/ump_kernel_api.o
  CC [M]  /home/vagrant/orangepi_h3_linux/OrangePi-Kernel/linux-3.4.113/modules/mali/DX910-SW-99002-r4p0-00rel0/driver/src/devicedrv/ump/linux/ump_kernel_linux.o
  CC [M]  /home/vagrant/orangepi_h3_linux/OrangePi-Kernel/linux-3.4.113/modules/mali/DX910-SW-99002-r4p0-00rel0/driver/src/devicedrv/ump/linux/ump_ukk_ref_wrappers.o
  CC [M]  /home/vagrant/orangepi_h3_linux/OrangePi-Kernel/linux-3.4.113/modules/mali/DX910-SW-99002-r4p0-00rel0/driver/src/devicedrv/ump/linux/ump_kernel_memory_backend_os.o
  CC [M]  /home/vagrant/orangepi_h3_linux/OrangePi-Kernel/linux-3.4.113/modules/mali/DX910-SW-99002-r4p0-00rel0/driver/src/devicedrv/ump/linux/ump_osk_atomics.o
  CC [M]  /home/vagrant/orangepi_h3_linux/OrangePi-Kernel/linux-3.4.113/modules/mali/DX910-SW-99002-r4p0-00rel0/driver/src/devicedrv/ump/linux/ump_kernel_memory_backend_dedicated.o
  CC [M]  /home/vagrant/orangepi_h3_linux/OrangePi-Kernel/linux-3.4.113/modules/mali/DX910-SW-99002-r4p0-00rel0/driver/src/devicedrv/ump/linux/ump_ukk_wrappers.o
  CC [M]  /home/vagrant/orangepi_h3_linux/OrangePi-Kernel/linux-3.4.113/modules/mali/DX910-SW-99002-r4p0-00rel0/driver/src/devicedrv/ump/../mali/linux/mali_osk_locks.o
  CC [M]  /home/vagrant/orangepi_h3_linux/OrangePi-Kernel/linux-3.4.113/modules/mali/DX910-SW-99002-r4p0-00rel0/driver/src/devicedrv/ump/linux/ump_osk_low_level_mem.o
  CC [M]  /home/vagrant/orangepi_h3_linux/OrangePi-Kernel/linux-3.4.113/modules/mali/DX910-SW-99002-r4p0-00rel0/driver/src/devicedrv/ump/../mali/linux/mali_osk_memory.o
  CC [M]  /home/vagrant/orangepi_h3_linux/OrangePi-Kernel/linux-3.4.113/modules/mali/DX910-SW-99002-r4p0-00rel0/driver/src/devicedrv/ump/linux/ump_memory_backend.o
  CC [M]  /home/vagrant/orangepi_h3_linux/OrangePi-Kernel/linux-3.4.113/modules/mali/DX910-SW-99002-r4p0-00rel0/driver/src/devicedrv/ump/linux/ump_osk_misc.o
  CC [M]  /home/vagrant/orangepi_h3_linux/OrangePi-Kernel/linux-3.4.113/modules/mali/DX910-SW-99002-r4p0-00rel0/driver/src/devicedrv/ump/../mali/linux/mali_osk_atomics.o
  CC [M]  /home/vagrant/orangepi_h3_linux/OrangePi-Kernel/linux-3.4.113/modules/mali/DX910-SW-99002-r4p0-00rel0/driver/src/devicedrv/ump/../mali/linux/mali_osk_math.o
  CC [M]  /home/vagrant/orangepi_h3_linux/OrangePi-Kernel/linux-3.4.113/modules/mali/DX910-SW-99002-r4p0-00rel0/driver/src/devicedrv/ump/../mali/linux/mali_osk_misc.o
  LD [M]  /home/vagrant/orangepi_h3_linux/OrangePi-Kernel/linux-3.4.113/modules/mali/DX910-SW-99002-r4p0-00rel0/driver/src/devicedrv/ump/ump.o
  Building modules, stage 2.
  MODPOST 1 modules
  CC      /home/vagrant/orangepi_h3_linux/OrangePi-Kernel/linux-3.4.113/modules/mali/DX910-SW-99002-r4p0-00rel0/driver/src/devicedrv/ump/ump.mod.o
  LD [M]  /home/vagrant/orangepi_h3_linux/OrangePi-Kernel/linux-3.4.113/modules/mali/DX910-SW-99002-r4p0-00rel0/driver/src/devicedrv/ump/ump.ko
make[2]: Leaving directory '/home/vagrant/orangepi_h3_linux/OrangePi-Kernel/linux-3.4.113'
make[1]: Leaving directory '/home/vagrant/orangepi_h3_linux/OrangePi-Kernel/linux-3.4.113/modules/mali/DX910-SW-99002-r4p0-00rel0/driver/src/devicedrv/ump'
make -j16 -C DX910-SW-99002-r4p0-00rel0/driver/src/devicedrv/mali USING_MMU=1 USING_UMP=1 USING_PMM=1 BUILD=release \
	KDIR=/home/vagrant/orangepi_h3_linux/OrangePi-Kernel/linux-3.4.113
make[1]: Entering directory '/home/vagrant/orangepi_h3_linux/OrangePi-Kernel/linux-3.4.113/modules/mali/DX910-SW-99002-r4p0-00rel0/driver/src/devicedrv/mali'
Makefile:76: /home/vagrant/orangepi_h3_linux/OrangePi-Kernel/linux-3.4.113/modules/mali/DX910-SW-99002-r4p0-00rel0/driver/src/devicedrv/ump/Module.symvers
make ARCH=arm -C /home/vagrant/orangepi_h3_linux/OrangePi-Kernel/linux-3.4.113 M=/home/vagrant/orangepi_h3_linux/OrangePi-Kernel/linux-3.4.113/modules/mali/DX910-SW-99002-r4p0-00rel0/driver/src/devicedrv/mali modules
make[2]: Entering directory '/home/vagrant/orangepi_h3_linux/OrangePi-Kernel/linux-3.4.113'
  CC [M]  /home/vagrant/orangepi_h3_linux/OrangePi-Kernel/linux-3.4.113/modules/mali/DX910-SW-99002-r4p0-00rel0/driver/src/devicedrv/mali/linux/mali_osk_atomics.o
  CC [M]  /home/vagrant/orangepi_h3_linux/OrangePi-Kernel/linux-3.4.113/modules/mali/DX910-SW-99002-r4p0-00rel0/driver/src/devicedrv/mali/linux/mali_osk_irq.o
  CC [M]  /home/vagrant/orangepi_h3_linux/OrangePi-Kernel/linux-3.4.113/modules/mali/DX910-SW-99002-r4p0-00rel0/driver/src/devicedrv/mali/linux/mali_osk_wq.o
  CC [M]  /home/vagrant/orangepi_h3_linux/OrangePi-Kernel/linux-3.4.113/modules/mali/DX910-SW-99002-r4p0-00rel0/driver/src/devicedrv/mali/linux/mali_osk_locks.o
  CC [M]  /home/vagrant/orangepi_h3_linux/OrangePi-Kernel/linux-3.4.113/modules/mali/DX910-SW-99002-r4p0-00rel0/driver/src/devicedrv/mali/linux/mali_osk_wait_queue.o
  CC [M]  /home/vagrant/orangepi_h3_linux/OrangePi-Kernel/linux-3.4.113/modules/mali/DX910-SW-99002-r4p0-00rel0/driver/src/devicedrv/mali/linux/mali_osk_low_level_mem.o
  CC [M]  /home/vagrant/orangepi_h3_linux/OrangePi-Kernel/linux-3.4.113/modules/mali/DX910-SW-99002-r4p0-00rel0/driver/src/devicedrv/mali/linux/mali_memory_os_alloc.o
  CC [M]  /home/vagrant/orangepi_h3_linux/OrangePi-Kernel/linux-3.4.113/modules/mali/DX910-SW-99002-r4p0-00rel0/driver/src/devicedrv/mali/linux/mali_osk_memory.o
  CC [M]  /home/vagrant/orangepi_h3_linux/OrangePi-Kernel/linux-3.4.113/modules/mali/DX910-SW-99002-r4p0-00rel0/driver/src/devicedrv/mali/linux/mali_memory_external.o
  CC [M]  /home/vagrant/orangepi_h3_linux/OrangePi-Kernel/linux-3.4.113/modules/mali/DX910-SW-99002-r4p0-00rel0/driver/src/devicedrv/mali/linux/mali_osk_timers.o
  CC [M]  /home/vagrant/orangepi_h3_linux/OrangePi-Kernel/linux-3.4.113/modules/mali/DX910-SW-99002-r4p0-00rel0/driver/src/devicedrv/mali/linux/mali_osk_misc.o
  CC [M]  /home/vagrant/orangepi_h3_linux/OrangePi-Kernel/linux-3.4.113/modules/mali/DX910-SW-99002-r4p0-00rel0/driver/src/devicedrv/mali/linux/mali_osk_notification.o
  CC [M]  /home/vagrant/orangepi_h3_linux/OrangePi-Kernel/linux-3.4.113/modules/mali/DX910-SW-99002-r4p0-00rel0/driver/src/devicedrv/mali/linux/mali_memory.o
  CC [M]  /home/vagrant/orangepi_h3_linux/OrangePi-Kernel/linux-3.4.113/modules/mali/DX910-SW-99002-r4p0-00rel0/driver/src/devicedrv/mali/linux/mali_osk_math.o
  CC [M]  /home/vagrant/orangepi_h3_linux/OrangePi-Kernel/linux-3.4.113/modules/mali/DX910-SW-99002-r4p0-00rel0/driver/src/devicedrv/mali/linux/mali_osk_time.o
  CC [M]  /home/vagrant/orangepi_h3_linux/OrangePi-Kernel/linux-3.4.113/modules/mali/DX910-SW-99002-r4p0-00rel0/driver/src/devicedrv/mali/linux/mali_osk_mali.o
  CC [M]  /home/vagrant/orangepi_h3_linux/OrangePi-Kernel/linux-3.4.113/modules/mali/DX910-SW-99002-r4p0-00rel0/driver/src/devicedrv/mali/linux/mali_memory_block_alloc.o
  CC [M]  /home/vagrant/orangepi_h3_linux/OrangePi-Kernel/linux-3.4.113/modules/mali/DX910-SW-99002-r4p0-00rel0/driver/src/devicedrv/mali/linux/mali_ukk_mem.o
  CC [M]  /home/vagrant/orangepi_h3_linux/OrangePi-Kernel/linux-3.4.113/modules/mali/DX910-SW-99002-r4p0-00rel0/driver/src/devicedrv/mali/linux/mali_ukk_gp.o
  CC [M]  /home/vagrant/orangepi_h3_linux/OrangePi-Kernel/linux-3.4.113/modules/mali/DX910-SW-99002-r4p0-00rel0/driver/src/devicedrv/mali/linux/mali_ukk_pp.o
  CC [M]  /home/vagrant/orangepi_h3_linux/OrangePi-Kernel/linux-3.4.113/modules/mali/DX910-SW-99002-r4p0-00rel0/driver/src/devicedrv/mali/linux/mali_ukk_core.o
  CC [M]  /home/vagrant/orangepi_h3_linux/OrangePi-Kernel/linux-3.4.113/modules/mali/DX910-SW-99002-r4p0-00rel0/driver/src/devicedrv/mali/linux/mali_ukk_soft_job.o
  CC [M]  /home/vagrant/orangepi_h3_linux/OrangePi-Kernel/linux-3.4.113/modules/mali/DX910-SW-99002-r4p0-00rel0/driver/src/devicedrv/mali/linux/mali_platform.o
  CC [M]  /home/vagrant/orangepi_h3_linux/OrangePi-Kernel/linux-3.4.113/modules/mali/DX910-SW-99002-r4p0-00rel0/driver/src/devicedrv/mali/linux/mali_ukk_timeline.o
  CC [M]  /home/vagrant/orangepi_h3_linux/OrangePi-Kernel/linux-3.4.113/modules/mali/DX910-SW-99002-r4p0-00rel0/driver/src/devicedrv/mali/common/mali_kernel_core.o
  CC [M]  /home/vagrant/orangepi_h3_linux/OrangePi-Kernel/linux-3.4.113/modules/mali/DX910-SW-99002-r4p0-00rel0/driver/src/devicedrv/mali/linux/mali_kernel_linux.o
  CC [M]  /home/vagrant/orangepi_h3_linux/OrangePi-Kernel/linux-3.4.113/modules/mali/DX910-SW-99002-r4p0-00rel0/driver/src/devicedrv/mali/common/mali_kernel_descriptor_mapping.o
  CC [M]  /home/vagrant/orangepi_h3_linux/OrangePi-Kernel/linux-3.4.113/modules/mali/DX910-SW-99002-r4p0-00rel0/driver/src/devicedrv/mali/common/mali_session.o
  CC [M]  /home/vagrant/orangepi_h3_linux/OrangePi-Kernel/linux-3.4.113/modules/mali/DX910-SW-99002-r4p0-00rel0/driver/src/devicedrv/mali/linux/mali_device_pause_resume.o
  CC [M]  /home/vagrant/orangepi_h3_linux/OrangePi-Kernel/linux-3.4.113/modules/mali/DX910-SW-99002-r4p0-00rel0/driver/src/devicedrv/mali/common/mali_kernel_vsync.o
  CC [M]  /home/vagrant/orangepi_h3_linux/OrangePi-Kernel/linux-3.4.113/modules/mali/DX910-SW-99002-r4p0-00rel0/driver/src/devicedrv/mali/linux/mali_ukk_vsync.o
  CC [M]  /home/vagrant/orangepi_h3_linux/OrangePi-Kernel/linux-3.4.113/modules/mali/DX910-SW-99002-r4p0-00rel0/driver/src/devicedrv/mali/common/mali_mmu.o
  CC [M]  /home/vagrant/orangepi_h3_linux/OrangePi-Kernel/linux-3.4.113/modules/mali/DX910-SW-99002-r4p0-00rel0/driver/src/devicedrv/mali/linux/mali_kernel_sysfs.o
  CC [M]  /home/vagrant/orangepi_h3_linux/OrangePi-Kernel/linux-3.4.113/modules/mali/DX910-SW-99002-r4p0-00rel0/driver/src/devicedrv/mali/common/mali_mmu_page_directory.o
  CC [M]  /home/vagrant/orangepi_h3_linux/OrangePi-Kernel/linux-3.4.113/modules/mali/DX910-SW-99002-r4p0-00rel0/driver/src/devicedrv/mali/common/mali_mem_validation.o
  CC [M]  /home/vagrant/orangepi_h3_linux/OrangePi-Kernel/linux-3.4.113/modules/mali/DX910-SW-99002-r4p0-00rel0/driver/src/devicedrv/mali/common/mali_hw_core.o
  CC [M]  /home/vagrant/orangepi_h3_linux/OrangePi-Kernel/linux-3.4.113/modules/mali/DX910-SW-99002-r4p0-00rel0/driver/src/devicedrv/mali/common/mali_gp.o
  CC [M]  /home/vagrant/orangepi_h3_linux/OrangePi-Kernel/linux-3.4.113/modules/mali/DX910-SW-99002-r4p0-00rel0/driver/src/devicedrv/mali/common/mali_pp.o
  CC [M]  /home/vagrant/orangepi_h3_linux/OrangePi-Kernel/linux-3.4.113/modules/mali/DX910-SW-99002-r4p0-00rel0/driver/src/devicedrv/mali/common/mali_pp_job.o
  CC [M]  /home/vagrant/orangepi_h3_linux/OrangePi-Kernel/linux-3.4.113/modules/mali/DX910-SW-99002-r4p0-00rel0/driver/src/devicedrv/mali/common/mali_gp_job.o
  CC [M]  /home/vagrant/orangepi_h3_linux/OrangePi-Kernel/linux-3.4.113/modules/mali/DX910-SW-99002-r4p0-00rel0/driver/src/devicedrv/mali/common/mali_soft_job.o
  CC [M]  /home/vagrant/orangepi_h3_linux/OrangePi-Kernel/linux-3.4.113/modules/mali/DX910-SW-99002-r4p0-00rel0/driver/src/devicedrv/mali/common/mali_gp_scheduler.o
  CC [M]  /home/vagrant/orangepi_h3_linux/OrangePi-Kernel/linux-3.4.113/modules/mali/DX910-SW-99002-r4p0-00rel0/driver/src/devicedrv/mali/common/mali_scheduler.o
  CC [M]  /home/vagrant/orangepi_h3_linux/OrangePi-Kernel/linux-3.4.113/modules/mali/DX910-SW-99002-r4p0-00rel0/driver/src/devicedrv/mali/common/mali_pp_scheduler.o
  CC [M]  /home/vagrant/orangepi_h3_linux/OrangePi-Kernel/linux-3.4.113/modules/mali/DX910-SW-99002-r4p0-00rel0/driver/src/devicedrv/mali/common/mali_group.o
  CC [M]  /home/vagrant/orangepi_h3_linux/OrangePi-Kernel/linux-3.4.113/modules/mali/DX910-SW-99002-r4p0-00rel0/driver/src/devicedrv/mali/common/mali_dlbu.o
  CC [M]  /home/vagrant/orangepi_h3_linux/OrangePi-Kernel/linux-3.4.113/modules/mali/DX910-SW-99002-r4p0-00rel0/driver/src/devicedrv/mali/common/mali_broadcast.o
  CC [M]  /home/vagrant/orangepi_h3_linux/OrangePi-Kernel/linux-3.4.113/modules/mali/DX910-SW-99002-r4p0-00rel0/driver/src/devicedrv/mali/common/mali_pm.o
  CC [M]  /home/vagrant/orangepi_h3_linux/OrangePi-Kernel/linux-3.4.113/modules/mali/DX910-SW-99002-r4p0-00rel0/driver/src/devicedrv/mali/common/mali_pmu.o
  CC [M]  /home/vagrant/orangepi_h3_linux/OrangePi-Kernel/linux-3.4.113/modules/mali/DX910-SW-99002-r4p0-00rel0/driver/src/devicedrv/mali/common/mali_user_settings_db.o
  CC [M]  /home/vagrant/orangepi_h3_linux/OrangePi-Kernel/linux-3.4.113/modules/mali/DX910-SW-99002-r4p0-00rel0/driver/src/devicedrv/mali/common/mali_kernel_utilization.o
  CC [M]  /home/vagrant/orangepi_h3_linux/OrangePi-Kernel/linux-3.4.113/modules/mali/DX910-SW-99002-r4p0-00rel0/driver/src/devicedrv/mali/common/mali_l2_cache.o
  CC [M]  /home/vagrant/orangepi_h3_linux/OrangePi-Kernel/linux-3.4.113/modules/mali/DX910-SW-99002-r4p0-00rel0/driver/src/devicedrv/mali/common/mali_dma.o
  CC [M]  /home/vagrant/orangepi_h3_linux/OrangePi-Kernel/linux-3.4.113/modules/mali/DX910-SW-99002-r4p0-00rel0/driver/src/devicedrv/mali/common/mali_timeline.o
  CC [M]  /home/vagrant/orangepi_h3_linux/OrangePi-Kernel/linux-3.4.113/modules/mali/DX910-SW-99002-r4p0-00rel0/driver/src/devicedrv/mali/common/mali_timeline_fence_wait.o
  CC [M]  /home/vagrant/orangepi_h3_linux/OrangePi-Kernel/linux-3.4.113/modules/mali/DX910-SW-99002-r4p0-00rel0/driver/src/devicedrv/mali/common/mali_timeline_sync_fence.o
  CC [M]  /home/vagrant/orangepi_h3_linux/OrangePi-Kernel/linux-3.4.113/modules/mali/DX910-SW-99002-r4p0-00rel0/driver/src/devicedrv/mali/common/mali_spinlock_reentrant.o
  CC [M]  /home/vagrant/orangepi_h3_linux/OrangePi-Kernel/linux-3.4.113/modules/mali/DX910-SW-99002-r4p0-00rel0/driver/src/devicedrv/mali/common/mali_pm_domain.o
  CC [M]  /home/vagrant/orangepi_h3_linux/OrangePi-Kernel/linux-3.4.113/modules/mali/DX910-SW-99002-r4p0-00rel0/driver/src/devicedrv/mali/linux/mali_osk_pm.o
  CC [M]  /home/vagrant/orangepi_h3_linux/OrangePi-Kernel/linux-3.4.113/modules/mali/DX910-SW-99002-r4p0-00rel0/driver/src/devicedrv/mali/linux/mali_pmu_power_up_down.o
  CC [M]  /home/vagrant/orangepi_h3_linux/OrangePi-Kernel/linux-3.4.113/modules/mali/DX910-SW-99002-r4p0-00rel0/driver/src/devicedrv/mali/linux/mali_ukk_profiling.o
  CC [M]  /home/vagrant/orangepi_h3_linux/OrangePi-Kernel/linux-3.4.113/modules/mali/DX910-SW-99002-r4p0-00rel0/driver/src/devicedrv/mali/linux/mali_osk_profiling.o
  CC [M]  /home/vagrant/orangepi_h3_linux/OrangePi-Kernel/linux-3.4.113/modules/mali/DX910-SW-99002-r4p0-00rel0/driver/src/devicedrv/mali/linux/mali_memory_dma_buf.o
  CC [M]  /home/vagrant/orangepi_h3_linux/OrangePi-Kernel/linux-3.4.113/modules/mali/DX910-SW-99002-r4p0-00rel0/driver/src/devicedrv/mali/linux/mali_sync.o
  CC [M]  /home/vagrant/orangepi_h3_linux/OrangePi-Kernel/linux-3.4.113/modules/mali/DX910-SW-99002-r4p0-00rel0/driver/src/devicedrv/mali/linux/mali_memory_ump.o
  CC [M]  /home/vagrant/orangepi_h3_linux/OrangePi-Kernel/linux-3.4.113/modules/mali/DX910-SW-99002-r4p0-00rel0/driver/src/devicedrv/mali/__malidrv_build_info.o
  LD [M]  /home/vagrant/orangepi_h3_linux/OrangePi-Kernel/linux-3.4.113/modules/mali/DX910-SW-99002-r4p0-00rel0/driver/src/devicedrv/mali/mali.o
  Building modules, stage 2.
  MODPOST 1 modules
  CC      /home/vagrant/orangepi_h3_linux/OrangePi-Kernel/linux-3.4.113/modules/mali/DX910-SW-99002-r4p0-00rel0/driver/src/devicedrv/mali/mali.mod.o
  LD [M]  /home/vagrant/orangepi_h3_linux/OrangePi-Kernel/linux-3.4.113/modules/mali/DX910-SW-99002-r4p0-00rel0/driver/src/devicedrv/mali/mali.ko
make[2]: Leaving directory '/home/vagrant/orangepi_h3_linux/OrangePi-Kernel/linux-3.4.113'
make[1]: Leaving directory '/home/vagrant/orangepi_h3_linux/OrangePi-Kernel/linux-3.4.113/modules/mali/DX910-SW-99002-r4p0-00rel0/driver/src/devicedrv/mali'
make -j16 -C DX910-SW-99002-r4p0-00rel0/driver/src/egl/x11/drm_module/mali_drm CONFIG=ca8-virtex820-m400-1 BUILD=release KDIR=/home/vagrant/orangepi_h3_linux/OrangePi-Kernel/linux-3.4.113; \

make[1]: Entering directory '/home/vagrant/orangepi_h3_linux/OrangePi-Kernel/linux-3.4.113/modules/mali/DX910-SW-99002-r4p0-00rel0/driver/src/egl/x11/drm_module/mali_drm'
make ARCH=arm -C /home/vagrant/orangepi_h3_linux/OrangePi-Kernel/linux-3.4.113 M=/home/vagrant/orangepi_h3_linux/OrangePi-Kernel/linux-3.4.113/modules/mali/DX910-SW-99002-r4p0-00rel0/driver/src/egl/x11/drm_module/mali_drm modules
make[2]: Entering directory '/home/vagrant/orangepi_h3_linux/OrangePi-Kernel/linux-3.4.113'
  CC [M]  /home/vagrant/orangepi_h3_linux/OrangePi-Kernel/linux-3.4.113/modules/mali/DX910-SW-99002-r4p0-00rel0/driver/src/egl/x11/drm_module/mali_drm/mali/mali_drv.o
  CC [M]  /home/vagrant/orangepi_h3_linux/OrangePi-Kernel/linux-3.4.113/modules/mali/DX910-SW-99002-r4p0-00rel0/driver/src/egl/x11/drm_module/mali_drm/mali/mali_mm.o
/home/vagrant/orangepi_h3_linux/OrangePi-Kernel/linux-3.4.113/modules/mali/DX910-SW-99002-r4p0-00rel0/driver/src/egl/x11/drm_module/mali_drm/mali/mali_mm.c:172:25: warning: ‘mem_reg_init’ defined but not used [-Wunused-function]
  LD [M]  /home/vagrant/orangepi_h3_linux/OrangePi-Kernel/linux-3.4.113/modules/mali/DX910-SW-99002-r4p0-00rel0/driver/src/egl/x11/drm_module/mali_drm/mali_drm.o
  Building modules, stage 2.
  MODPOST 1 modules
  CC      /home/vagrant/orangepi_h3_linux/OrangePi-Kernel/linux-3.4.113/modules/mali/DX910-SW-99002-r4p0-00rel0/driver/src/egl/x11/drm_module/mali_drm/mali_drm.mod.o
  LD [M]  /home/vagrant/orangepi_h3_linux/OrangePi-Kernel/linux-3.4.113/modules/mali/DX910-SW-99002-r4p0-00rel0/driver/src/egl/x11/drm_module/mali_drm/mali_drm.ko
make[2]: Leaving directory '/home/vagrant/orangepi_h3_linux/OrangePi-Kernel/linux-3.4.113'
make[1]: Leaving directory '/home/vagrant/orangepi_h3_linux/OrangePi-Kernel/linux-3.4.113/modules/mali/DX910-SW-99002-r4p0-00rel0/driver/src/egl/x11/drm_module/mali_drm'
LICHEE_KDIR: /home/vagrant/orangepi_h3_linux/OrangePi-Kernel/linux-3.4.113
LICHEE_PLATFORM: linux
UMP_ENABLE: 1
if [ 1 -eq 1 ]; then \
	make -j16 -C DX910-SW-99002-r4p0-00rel0/driver/src/devicedrv/ump CONFIG=ca8-virtex820-m400-1 BUILD=release KDIR=/home/vagrant/orangepi_h3_linux/OrangePi-Kernel/linux-3.4.113; \
fi
make[1]: Entering directory '/home/vagrant/orangepi_h3_linux/OrangePi-Kernel/linux-3.4.113/modules/mali/DX910-SW-99002-r4p0-00rel0/driver/src/devicedrv/ump'
make -C /home/vagrant/orangepi_h3_linux/OrangePi-Kernel/linux-3.4.113 M=/home/vagrant/orangepi_h3_linux/OrangePi-Kernel/linux-3.4.113/modules/mali/DX910-SW-99002-r4p0-00rel0/driver/src/devicedrv/ump modules
make[2]: Entering directory '/home/vagrant/orangepi_h3_linux/OrangePi-Kernel/linux-3.4.113'
  CC [M]  /home/vagrant/orangepi_h3_linux/OrangePi-Kernel/linux-3.4.113/modules/mali/DX910-SW-99002-r4p0-00rel0/driver/src/devicedrv/ump/linux/ump_kernel_linux.o
  CC [M]  /home/vagrant/orangepi_h3_linux/OrangePi-Kernel/linux-3.4.113/modules/mali/DX910-SW-99002-r4p0-00rel0/driver/src/devicedrv/ump/linux/ump_memory_backend.o
  CC [M]  /home/vagrant/orangepi_h3_linux/OrangePi-Kernel/linux-3.4.113/modules/mali/DX910-SW-99002-r4p0-00rel0/driver/src/devicedrv/ump/../mali/linux/mali_osk_atomics.o
  CC [M]  /home/vagrant/orangepi_h3_linux/OrangePi-Kernel/linux-3.4.113/modules/mali/DX910-SW-99002-r4p0-00rel0/driver/src/devicedrv/ump/../mali/linux/mali_osk_locks.o
  CC [M]  /home/vagrant/orangepi_h3_linux/OrangePi-Kernel/linux-3.4.113/modules/mali/DX910-SW-99002-r4p0-00rel0/driver/src/devicedrv/ump/../mali/linux/mali_osk_misc.o
  CC [M]  /home/vagrant/orangepi_h3_linux/OrangePi-Kernel/linux-3.4.113/modules/mali/DX910-SW-99002-r4p0-00rel0/driver/src/devicedrv/ump/../mali/linux/mali_osk_math.o
  CC [M]  /home/vagrant/orangepi_h3_linux/OrangePi-Kernel/linux-3.4.113/modules/mali/DX910-SW-99002-r4p0-00rel0/driver/src/devicedrv/ump/../mali/linux/mali_osk_memory.o
  LD [M]  /home/vagrant/orangepi_h3_linux/OrangePi-Kernel/linux-3.4.113/modules/mali/DX910-SW-99002-r4p0-00rel0/driver/src/devicedrv/ump/ump.o
  Building modules, stage 2.
  MODPOST 1 modules
  LD [M]  /home/vagrant/orangepi_h3_linux/OrangePi-Kernel/linux-3.4.113/modules/mali/DX910-SW-99002-r4p0-00rel0/driver/src/devicedrv/ump/ump.ko
make[2]: Leaving directory '/home/vagrant/orangepi_h3_linux/OrangePi-Kernel/linux-3.4.113'
make[1]: Leaving directory '/home/vagrant/orangepi_h3_linux/OrangePi-Kernel/linux-3.4.113/modules/mali/DX910-SW-99002-r4p0-00rel0/driver/src/devicedrv/ump'
make -j16 -C DX910-SW-99002-r4p0-00rel0/driver/src/devicedrv/mali USING_MMU=1 USING_UMP=1 USING_PMM=1 BUILD=release \
	KDIR=/home/vagrant/orangepi_h3_linux/OrangePi-Kernel/linux-3.4.113
make[1]: Entering directory '/home/vagrant/orangepi_h3_linux/OrangePi-Kernel/linux-3.4.113/modules/mali/DX910-SW-99002-r4p0-00rel0/driver/src/devicedrv/mali'
Makefile:76: /home/vagrant/orangepi_h3_linux/OrangePi-Kernel/linux-3.4.113/modules/mali/DX910-SW-99002-r4p0-00rel0/driver/src/devicedrv/ump/Module.symvers
make ARCH=arm -C /home/vagrant/orangepi_h3_linux/OrangePi-Kernel/linux-3.4.113 M=/home/vagrant/orangepi_h3_linux/OrangePi-Kernel/linux-3.4.113/modules/mali/DX910-SW-99002-r4p0-00rel0/driver/src/devicedrv/mali modules
make[2]: Entering directory '/home/vagrant/orangepi_h3_linux/OrangePi-Kernel/linux-3.4.113'
  CC [M]  /home/vagrant/orangepi_h3_linux/OrangePi-Kernel/linux-3.4.113/modules/mali/DX910-SW-99002-r4p0-00rel0/driver/src/devicedrv/mali/linux/mali_osk_atomics.o
  CC [M]  /home/vagrant/orangepi_h3_linux/OrangePi-Kernel/linux-3.4.113/modules/mali/DX910-SW-99002-r4p0-00rel0/driver/src/devicedrv/mali/linux/mali_osk_locks.o
  CC [M]  /home/vagrant/orangepi_h3_linux/OrangePi-Kernel/linux-3.4.113/modules/mali/DX910-SW-99002-r4p0-00rel0/driver/src/devicedrv/mali/linux/mali_osk_math.o
  CC [M]  /home/vagrant/orangepi_h3_linux/OrangePi-Kernel/linux-3.4.113/modules/mali/DX910-SW-99002-r4p0-00rel0/driver/src/devicedrv/mali/linux/mali_osk_memory.o
  CC [M]  /home/vagrant/orangepi_h3_linux/OrangePi-Kernel/linux-3.4.113/modules/mali/DX910-SW-99002-r4p0-00rel0/driver/src/devicedrv/mali/linux/mali_osk_misc.o
  CC [M]  /home/vagrant/orangepi_h3_linux/OrangePi-Kernel/linux-3.4.113/modules/mali/DX910-SW-99002-r4p0-00rel0/driver/src/devicedrv/mali/__malidrv_build_info.o
  LD [M]  /home/vagrant/orangepi_h3_linux/OrangePi-Kernel/linux-3.4.113/modules/mali/DX910-SW-99002-r4p0-00rel0/driver/src/devicedrv/mali/mali.o
  Building modules, stage 2.
  MODPOST 1 modules
  CC      /home/vagrant/orangepi_h3_linux/OrangePi-Kernel/linux-3.4.113/modules/mali/DX910-SW-99002-r4p0-00rel0/driver/src/devicedrv/mali/mali.mod.o
  LD [M]  /home/vagrant/orangepi_h3_linux/OrangePi-Kernel/linux-3.4.113/modules/mali/DX910-SW-99002-r4p0-00rel0/driver/src/devicedrv/mali/mali.ko
make[2]: Leaving directory '/home/vagrant/orangepi_h3_linux/OrangePi-Kernel/linux-3.4.113'
make[1]: Leaving directory '/home/vagrant/orangepi_h3_linux/OrangePi-Kernel/linux-3.4.113/modules/mali/DX910-SW-99002-r4p0-00rel0/driver/src/devicedrv/mali'
make -j16 -C DX910-SW-99002-r4p0-00rel0/driver/src/egl/x11/drm_module/mali_drm CONFIG=ca8-virtex820-m400-1 BUILD=release KDIR=/home/vagrant/orangepi_h3_linux/OrangePi-Kernel/linux-3.4.113; \

make[1]: Entering directory '/home/vagrant/orangepi_h3_linux/OrangePi-Kernel/linux-3.4.113/modules/mali/DX910-SW-99002-r4p0-00rel0/driver/src/egl/x11/drm_module/mali_drm'
make ARCH=arm -C /home/vagrant/orangepi_h3_linux/OrangePi-Kernel/linux-3.4.113 M=/home/vagrant/orangepi_h3_linux/OrangePi-Kernel/linux-3.4.113/modules/mali/DX910-SW-99002-r4p0-00rel0/driver/src/egl/x11/drm_module/mali_drm modules
make[2]: Entering directory '/home/vagrant/orangepi_h3_linux/OrangePi-Kernel/linux-3.4.113'
  Building modules, stage 2.
  MODPOST 1 modules
make[2]: Leaving directory '/home/vagrant/orangepi_h3_linux/OrangePi-Kernel/linux-3.4.113'
make[1]: Leaving directory '/home/vagrant/orangepi_h3_linux/OrangePi-Kernel/linux-3.4.113/modules/mali/DX910-SW-99002-r4p0-00rel0/driver/src/egl/x11/drm_module/mali_drm'
cp DX910-SW-99002-r4p0-00rel0/driver/src/devicedrv/mali/mali.ko /home/vagrant/orangepi_h3_linux/OrangePi-Kernel/linux-3.4.113/output/lib/modules/3.4.113/
cp DX910-SW-99002-r4p0-00rel0/driver/src/egl/x11/drm_module/mali_drm/mali_drm.ko /home/vagrant/orangepi_h3_linux/OrangePi-Kernel/linux-3.4.113/output/lib/modules/3.4.113/
if [ 1 -eq 1 ]; then \
	cp DX910-SW-99002-r4p0-00rel0/driver/src/devicedrv/ump/ump.ko /home/vagrant/orangepi_h3_linux/OrangePi-Kernel/linux-3.4.113/output/lib/modules/3.4.113/; \
fi
if [ 1 -eq 1 ]; then \
	make -C DX910-SW-99002-r4p0-00rel0/driver/src/devicedrv/ump CONFIG=ca8-virtex820-m400-1 BUILD=release KDIR=/home/vagrant/orangepi_h3_linux/OrangePi-Kernel/linux-3.4.113 clean; \
fi
make[1]: Entering directory '/home/vagrant/orangepi_h3_linux/OrangePi-Kernel/linux-3.4.113/modules/mali/DX910-SW-99002-r4p0-00rel0/driver/src/devicedrv/ump'
make -C /home/vagrant/orangepi_h3_linux/OrangePi-Kernel/linux-3.4.113 M=/home/vagrant/orangepi_h3_linux/OrangePi-Kernel/linux-3.4.113/modules/mali/DX910-SW-99002-r4p0-00rel0/driver/src/devicedrv/ump clean
make[2]: Entering directory '/home/vagrant/orangepi_h3_linux/OrangePi-Kernel/linux-3.4.113'
  CLEAN   /home/vagrant/orangepi_h3_linux/OrangePi-Kernel/linux-3.4.113/modules/mali/DX910-SW-99002-r4p0-00rel0/driver/src/devicedrv/ump/.tmp_versions
  CLEAN   /home/vagrant/orangepi_h3_linux/OrangePi-Kernel/linux-3.4.113/modules/mali/DX910-SW-99002-r4p0-00rel0/driver/src/devicedrv/ump/Module.symvers
make[2]: Leaving directory '/home/vagrant/orangepi_h3_linux/OrangePi-Kernel/linux-3.4.113'
make -C /home/vagrant/orangepi_h3_linux/OrangePi-Kernel/linux-3.4.113 M=/home/vagrant/orangepi_h3_linux/OrangePi-Kernel/linux-3.4.113/modules/mali/DX910-SW-99002-r4p0-00rel0/driver/src/devicedrv/ump/../mali clean
make[2]: Entering directory '/home/vagrant/orangepi_h3_linux/OrangePi-Kernel/linux-3.4.113'
  CLEAN   /home/vagrant/orangepi_h3_linux/OrangePi-Kernel/linux-3.4.113/modules/mali/DX910-SW-99002-r4p0-00rel0/driver/src/devicedrv/ump/../mali/.tmp_versions
  CLEAN   /home/vagrant/orangepi_h3_linux/OrangePi-Kernel/linux-3.4.113/modules/mali/DX910-SW-99002-r4p0-00rel0/driver/src/devicedrv/ump/../mali/Module.symvers
make[2]: Leaving directory '/home/vagrant/orangepi_h3_linux/OrangePi-Kernel/linux-3.4.113'
make[1]: Leaving directory '/home/vagrant/orangepi_h3_linux/OrangePi-Kernel/linux-3.4.113/modules/mali/DX910-SW-99002-r4p0-00rel0/driver/src/devicedrv/ump'
make -C DX910-SW-99002-r4p0-00rel0/driver/src/devicedrv/mali USING_MMU=1 USING_UMP=1 USING_PMM=1 BUILD=release \
	KDIR=/home/vagrant/orangepi_h3_linux/OrangePi-Kernel/linux-3.4.113 clean
make[1]: Entering directory '/home/vagrant/orangepi_h3_linux/OrangePi-Kernel/linux-3.4.113/modules/mali/DX910-SW-99002-r4p0-00rel0/driver/src/devicedrv/mali'
Makefile:76: 
make ARCH=arm -C /home/vagrant/orangepi_h3_linux/OrangePi-Kernel/linux-3.4.113 M=/home/vagrant/orangepi_h3_linux/OrangePi-Kernel/linux-3.4.113/modules/mali/DX910-SW-99002-r4p0-00rel0/driver/src/devicedrv/mali clean
make[2]: Entering directory '/home/vagrant/orangepi_h3_linux/OrangePi-Kernel/linux-3.4.113'
make[2]: Leaving directory '/home/vagrant/orangepi_h3_linux/OrangePi-Kernel/linux-3.4.113'
make[1]: Leaving directory '/home/vagrant/orangepi_h3_linux/OrangePi-Kernel/linux-3.4.113/modules/mali/DX910-SW-99002-r4p0-00rel0/driver/src/devicedrv/mali'
make -C DX910-SW-99002-r4p0-00rel0/driver/src/egl/x11/drm_module/mali_drm USING_MMU=1 BUILD=release KDIR=/home/vagrant/orangepi_h3_linux/OrangePi-Kernel/linux-3.4.113 clean
make[1]: Entering directory '/home/vagrant/orangepi_h3_linux/OrangePi-Kernel/linux-3.4.113/modules/mali/DX910-SW-99002-r4p0-00rel0/driver/src/egl/x11/drm_module/mali_drm'
make ARCH=arm -C /home/vagrant/orangepi_h3_linux/OrangePi-Kernel/linux-3.4.113 M=/home/vagrant/orangepi_h3_linux/OrangePi-Kernel/linux-3.4.113/modules/mali/DX910-SW-99002-r4p0-00rel0/driver/src/egl/x11/drm_module/mali_drm clean
make[2]: Entering directory '/home/vagrant/orangepi_h3_linux/OrangePi-Kernel/linux-3.4.113'
  CLEAN   /home/vagrant/orangepi_h3_linux/OrangePi-Kernel/linux-3.4.113/modules/mali/DX910-SW-99002-r4p0-00rel0/driver/src/egl/x11/drm_module/mali_drm/.tmp_versions
  CLEAN   /home/vagrant/orangepi_h3_linux/OrangePi-Kernel/linux-3.4.113/modules/mali/DX910-SW-99002-r4p0-00rel0/driver/src/egl/x11/drm_module/mali_drm/Module.symvers
make[2]: Leaving directory '/home/vagrant/orangepi_h3_linux/OrangePi-Kernel/linux-3.4.113'
make[1]: Leaving directory '/home/vagrant/orangepi_h3_linux/OrangePi-Kernel/linux-3.4.113/modules/mali/DX910-SW-99002-r4p0-00rel0/driver/src/egl/x11/drm_module/mali_drm'
LICHEE_KDIR: /home/vagrant/orangepi_h3_linux/OrangePi-Kernel/linux-3.4.113
LICHEE_PLATFORM: linux
UMP_ENABLE: 1
if [ 1 -eq 1 ]; then \
	make -j16 -C DX910-SW-99002-r4p0-00rel0/driver/src/devicedrv/ump CONFIG=ca8-virtex820-m400-1 BUILD=release KDIR=/home/vagrant/orangepi_h3_linux/OrangePi-Kernel/linux-3.4.113; \
fi
make[1]: Entering directory '/home/vagrant/orangepi_h3_linux/OrangePi-Kernel/linux-3.4.113/modules/mali/DX910-SW-99002-r4p0-00rel0/driver/src/devicedrv/ump'
make -C /home/vagrant/orangepi_h3_linux/OrangePi-Kernel/linux-3.4.113 M=/home/vagrant/orangepi_h3_linux/OrangePi-Kernel/linux-3.4.113/modules/mali/DX910-SW-99002-r4p0-00rel0/driver/src/devicedrv/ump modules
make[2]: Entering directory '/home/vagrant/orangepi_h3_linux/OrangePi-Kernel/linux-3.4.113'
  CC [M]  /home/vagrant/orangepi_h3_linux/OrangePi-Kernel/linux-3.4.113/modules/mali/DX910-SW-99002-r4p0-00rel0/driver/src/devicedrv/ump/common/ump_kernel_common.o
  CC [M]  /home/vagrant/orangepi_h3_linux/OrangePi-Kernel/linux-3.4.113/modules/mali/DX910-SW-99002-r4p0-00rel0/driver/src/devicedrv/ump/common/ump_kernel_descriptor_mapping.o
  CC [M]  /home/vagrant/orangepi_h3_linux/OrangePi-Kernel/linux-3.4.113/modules/mali/DX910-SW-99002-r4p0-00rel0/driver/src/devicedrv/ump/common/ump_kernel_api.o
  CC [M]  /home/vagrant/orangepi_h3_linux/OrangePi-Kernel/linux-3.4.113/modules/mali/DX910-SW-99002-r4p0-00rel0/driver/src/devicedrv/ump/common/ump_kernel_ref_drv.o
  CC [M]  /home/vagrant/orangepi_h3_linux/OrangePi-Kernel/linux-3.4.113/modules/mali/DX910-SW-99002-r4p0-00rel0/driver/src/devicedrv/ump/linux/ump_kernel_linux.o
  CC [M]  /home/vagrant/orangepi_h3_linux/OrangePi-Kernel/linux-3.4.113/modules/mali/DX910-SW-99002-r4p0-00rel0/driver/src/devicedrv/ump/linux/ump_memory_backend.o
  CC [M]  /home/vagrant/orangepi_h3_linux/OrangePi-Kernel/linux-3.4.113/modules/mali/DX910-SW-99002-r4p0-00rel0/driver/src/devicedrv/ump/linux/ump_kernel_memory_backend_os.o
  CC [M]  /home/vagrant/orangepi_h3_linux/OrangePi-Kernel/linux-3.4.113/modules/mali/DX910-SW-99002-r4p0-00rel0/driver/src/devicedrv/ump/linux/ump_kernel_memory_backend_dedicated.o
  CC [M]  /home/vagrant/orangepi_h3_linux/OrangePi-Kernel/linux-3.4.113/modules/mali/DX910-SW-99002-r4p0-00rel0/driver/src/devicedrv/ump/linux/ump_ukk_ref_wrappers.o
  CC [M]  /home/vagrant/orangepi_h3_linux/OrangePi-Kernel/linux-3.4.113/modules/mali/DX910-SW-99002-r4p0-00rel0/driver/src/devicedrv/ump/linux/ump_ukk_wrappers.o
  CC [M]  /home/vagrant/orangepi_h3_linux/OrangePi-Kernel/linux-3.4.113/modules/mali/DX910-SW-99002-r4p0-00rel0/driver/src/devicedrv/ump/linux/ump_osk_misc.o
  CC [M]  /home/vagrant/orangepi_h3_linux/OrangePi-Kernel/linux-3.4.113/modules/mali/DX910-SW-99002-r4p0-00rel0/driver/src/devicedrv/ump/linux/ump_osk_atomics.o
  CC [M]  /home/vagrant/orangepi_h3_linux/OrangePi-Kernel/linux-3.4.113/modules/mali/DX910-SW-99002-r4p0-00rel0/driver/src/devicedrv/ump/../mali/linux/mali_osk_memory.o
  CC [M]  /home/vagrant/orangepi_h3_linux/OrangePi-Kernel/linux-3.4.113/modules/mali/DX910-SW-99002-r4p0-00rel0/driver/src/devicedrv/ump/../mali/linux/mali_osk_atomics.o
  CC [M]  /home/vagrant/orangepi_h3_linux/OrangePi-Kernel/linux-3.4.113/modules/mali/DX910-SW-99002-r4p0-00rel0/driver/src/devicedrv/ump/../mali/linux/mali_osk_locks.o
  CC [M]  /home/vagrant/orangepi_h3_linux/OrangePi-Kernel/linux-3.4.113/modules/mali/DX910-SW-99002-r4p0-00rel0/driver/src/devicedrv/ump/linux/ump_osk_low_level_mem.o
  CC [M]  /home/vagrant/orangepi_h3_linux/OrangePi-Kernel/linux-3.4.113/modules/mali/DX910-SW-99002-r4p0-00rel0/driver/src/devicedrv/ump/../mali/linux/mali_osk_misc.o
  CC [M]  /home/vagrant/orangepi_h3_linux/OrangePi-Kernel/linux-3.4.113/modules/mali/DX910-SW-99002-r4p0-00rel0/driver/src/devicedrv/ump/../mali/linux/mali_osk_math.o
  LD [M]  /home/vagrant/orangepi_h3_linux/OrangePi-Kernel/linux-3.4.113/modules/mali/DX910-SW-99002-r4p0-00rel0/driver/src/devicedrv/ump/ump.o
  Building modules, stage 2.
  MODPOST 1 modules
  CC      /home/vagrant/orangepi_h3_linux/OrangePi-Kernel/linux-3.4.113/modules/mali/DX910-SW-99002-r4p0-00rel0/driver/src/devicedrv/ump/ump.mod.o
  LD [M]  /home/vagrant/orangepi_h3_linux/OrangePi-Kernel/linux-3.4.113/modules/mali/DX910-SW-99002-r4p0-00rel0/driver/src/devicedrv/ump/ump.ko
make[2]: Leaving directory '/home/vagrant/orangepi_h3_linux/OrangePi-Kernel/linux-3.4.113'
make[1]: Leaving directory '/home/vagrant/orangepi_h3_linux/OrangePi-Kernel/linux-3.4.113/modules/mali/DX910-SW-99002-r4p0-00rel0/driver/src/devicedrv/ump'
make -j16 -C DX910-SW-99002-r4p0-00rel0/driver/src/devicedrv/mali USING_MMU=1 USING_UMP=1 USING_PMM=1 BUILD=release \
	KDIR=/home/vagrant/orangepi_h3_linux/OrangePi-Kernel/linux-3.4.113
make[1]: Entering directory '/home/vagrant/orangepi_h3_linux/OrangePi-Kernel/linux-3.4.113/modules/mali/DX910-SW-99002-r4p0-00rel0/driver/src/devicedrv/mali'
Makefile:76: /home/vagrant/orangepi_h3_linux/OrangePi-Kernel/linux-3.4.113/modules/mali/DX910-SW-99002-r4p0-00rel0/driver/src/devicedrv/ump/Module.symvers
make ARCH=arm -C /home/vagrant/orangepi_h3_linux/OrangePi-Kernel/linux-3.4.113 M=/home/vagrant/orangepi_h3_linux/OrangePi-Kernel/linux-3.4.113/modules/mali/DX910-SW-99002-r4p0-00rel0/driver/src/devicedrv/mali modules
make[2]: Entering directory '/home/vagrant/orangepi_h3_linux/OrangePi-Kernel/linux-3.4.113'
  CC [M]  /home/vagrant/orangepi_h3_linux/OrangePi-Kernel/linux-3.4.113/modules/mali/DX910-SW-99002-r4p0-00rel0/driver/src/devicedrv/mali/linux/mali_osk_atomics.o
  CC [M]  /home/vagrant/orangepi_h3_linux/OrangePi-Kernel/linux-3.4.113/modules/mali/DX910-SW-99002-r4p0-00rel0/driver/src/devicedrv/mali/linux/mali_osk_irq.o
  CC [M]  /home/vagrant/orangepi_h3_linux/OrangePi-Kernel/linux-3.4.113/modules/mali/DX910-SW-99002-r4p0-00rel0/driver/src/devicedrv/mali/linux/mali_osk_wq.o
  CC [M]  /home/vagrant/orangepi_h3_linux/OrangePi-Kernel/linux-3.4.113/modules/mali/DX910-SW-99002-r4p0-00rel0/driver/src/devicedrv/mali/linux/mali_osk_wait_queue.o
  CC [M]  /home/vagrant/orangepi_h3_linux/OrangePi-Kernel/linux-3.4.113/modules/mali/DX910-SW-99002-r4p0-00rel0/driver/src/devicedrv/mali/linux/mali_osk_locks.o
  CC [M]  /home/vagrant/orangepi_h3_linux/OrangePi-Kernel/linux-3.4.113/modules/mali/DX910-SW-99002-r4p0-00rel0/driver/src/devicedrv/mali/linux/mali_osk_low_level_mem.o
  CC [M]  /home/vagrant/orangepi_h3_linux/OrangePi-Kernel/linux-3.4.113/modules/mali/DX910-SW-99002-r4p0-00rel0/driver/src/devicedrv/mali/linux/mali_osk_math.o
  CC [M]  /home/vagrant/orangepi_h3_linux/OrangePi-Kernel/linux-3.4.113/modules/mali/DX910-SW-99002-r4p0-00rel0/driver/src/devicedrv/mali/linux/mali_osk_time.o
  CC [M]  /home/vagrant/orangepi_h3_linux/OrangePi-Kernel/linux-3.4.113/modules/mali/DX910-SW-99002-r4p0-00rel0/driver/src/devicedrv/mali/linux/mali_osk_memory.o
  CC [M]  /home/vagrant/orangepi_h3_linux/OrangePi-Kernel/linux-3.4.113/modules/mali/DX910-SW-99002-r4p0-00rel0/driver/src/devicedrv/mali/linux/mali_osk_mali.o
  CC [M]  /home/vagrant/orangepi_h3_linux/OrangePi-Kernel/linux-3.4.113/modules/mali/DX910-SW-99002-r4p0-00rel0/driver/src/devicedrv/mali/linux/mali_osk_notification.o
  CC [M]  /home/vagrant/orangepi_h3_linux/OrangePi-Kernel/linux-3.4.113/modules/mali/DX910-SW-99002-r4p0-00rel0/driver/src/devicedrv/mali/linux/mali_osk_misc.o
  CC [M]  /home/vagrant/orangepi_h3_linux/OrangePi-Kernel/linux-3.4.113/modules/mali/DX910-SW-99002-r4p0-00rel0/driver/src/devicedrv/mali/linux/mali_memory.o
  CC [M]  /home/vagrant/orangepi_h3_linux/OrangePi-Kernel/linux-3.4.113/modules/mali/DX910-SW-99002-r4p0-00rel0/driver/src/devicedrv/mali/linux/mali_memory_external.o
  CC [M]  /home/vagrant/orangepi_h3_linux/OrangePi-Kernel/linux-3.4.113/modules/mali/DX910-SW-99002-r4p0-00rel0/driver/src/devicedrv/mali/linux/mali_memory_os_alloc.o
  CC [M]  /home/vagrant/orangepi_h3_linux/OrangePi-Kernel/linux-3.4.113/modules/mali/DX910-SW-99002-r4p0-00rel0/driver/src/devicedrv/mali/linux/mali_osk_timers.o
  CC [M]  /home/vagrant/orangepi_h3_linux/OrangePi-Kernel/linux-3.4.113/modules/mali/DX910-SW-99002-r4p0-00rel0/driver/src/devicedrv/mali/linux/mali_ukk_mem.o
  CC [M]  /home/vagrant/orangepi_h3_linux/OrangePi-Kernel/linux-3.4.113/modules/mali/DX910-SW-99002-r4p0-00rel0/driver/src/devicedrv/mali/linux/mali_memory_block_alloc.o
  CC [M]  /home/vagrant/orangepi_h3_linux/OrangePi-Kernel/linux-3.4.113/modules/mali/DX910-SW-99002-r4p0-00rel0/driver/src/devicedrv/mali/linux/mali_ukk_gp.o
  CC [M]  /home/vagrant/orangepi_h3_linux/OrangePi-Kernel/linux-3.4.113/modules/mali/DX910-SW-99002-r4p0-00rel0/driver/src/devicedrv/mali/linux/mali_ukk_pp.o
  CC [M]  /home/vagrant/orangepi_h3_linux/OrangePi-Kernel/linux-3.4.113/modules/mali/DX910-SW-99002-r4p0-00rel0/driver/src/devicedrv/mali/linux/mali_ukk_timeline.o
  CC [M]  /home/vagrant/orangepi_h3_linux/OrangePi-Kernel/linux-3.4.113/modules/mali/DX910-SW-99002-r4p0-00rel0/driver/src/devicedrv/mali/linux/mali_ukk_soft_job.o
  CC [M]  /home/vagrant/orangepi_h3_linux/OrangePi-Kernel/linux-3.4.113/modules/mali/DX910-SW-99002-r4p0-00rel0/driver/src/devicedrv/mali/linux/mali_ukk_core.o
  CC [M]  /home/vagrant/orangepi_h3_linux/OrangePi-Kernel/linux-3.4.113/modules/mali/DX910-SW-99002-r4p0-00rel0/driver/src/devicedrv/mali/linux/mali_platform.o
  CC [M]  /home/vagrant/orangepi_h3_linux/OrangePi-Kernel/linux-3.4.113/modules/mali/DX910-SW-99002-r4p0-00rel0/driver/src/devicedrv/mali/common/mali_kernel_core.o
  CC [M]  /home/vagrant/orangepi_h3_linux/OrangePi-Kernel/linux-3.4.113/modules/mali/DX910-SW-99002-r4p0-00rel0/driver/src/devicedrv/mali/linux/mali_kernel_linux.o
  CC [M]  /home/vagrant/orangepi_h3_linux/OrangePi-Kernel/linux-3.4.113/modules/mali/DX910-SW-99002-r4p0-00rel0/driver/src/devicedrv/mali/common/mali_kernel_descriptor_mapping.o
  CC [M]  /home/vagrant/orangepi_h3_linux/OrangePi-Kernel/linux-3.4.113/modules/mali/DX910-SW-99002-r4p0-00rel0/driver/src/devicedrv/mali/common/mali_session.o
  CC [M]  /home/vagrant/orangepi_h3_linux/OrangePi-Kernel/linux-3.4.113/modules/mali/DX910-SW-99002-r4p0-00rel0/driver/src/devicedrv/mali/common/mali_kernel_vsync.o
  CC [M]  /home/vagrant/orangepi_h3_linux/OrangePi-Kernel/linux-3.4.113/modules/mali/DX910-SW-99002-r4p0-00rel0/driver/src/devicedrv/mali/linux/mali_device_pause_resume.o
  CC [M]  /home/vagrant/orangepi_h3_linux/OrangePi-Kernel/linux-3.4.113/modules/mali/DX910-SW-99002-r4p0-00rel0/driver/src/devicedrv/mali/linux/mali_ukk_vsync.o
  CC [M]  /home/vagrant/orangepi_h3_linux/OrangePi-Kernel/linux-3.4.113/modules/mali/DX910-SW-99002-r4p0-00rel0/driver/src/devicedrv/mali/linux/mali_kernel_sysfs.o
  CC [M]  /home/vagrant/orangepi_h3_linux/OrangePi-Kernel/linux-3.4.113/modules/mali/DX910-SW-99002-r4p0-00rel0/driver/src/devicedrv/mali/common/mali_mmu.o
  CC [M]  /home/vagrant/orangepi_h3_linux/OrangePi-Kernel/linux-3.4.113/modules/mali/DX910-SW-99002-r4p0-00rel0/driver/src/devicedrv/mali/common/mali_mem_validation.o
  CC [M]  /home/vagrant/orangepi_h3_linux/OrangePi-Kernel/linux-3.4.113/modules/mali/DX910-SW-99002-r4p0-00rel0/driver/src/devicedrv/mali/common/mali_mmu_page_directory.o
  CC [M]  /home/vagrant/orangepi_h3_linux/OrangePi-Kernel/linux-3.4.113/modules/mali/DX910-SW-99002-r4p0-00rel0/driver/src/devicedrv/mali/common/mali_hw_core.o
  CC [M]  /home/vagrant/orangepi_h3_linux/OrangePi-Kernel/linux-3.4.113/modules/mali/DX910-SW-99002-r4p0-00rel0/driver/src/devicedrv/mali/common/mali_gp.o
  CC [M]  /home/vagrant/orangepi_h3_linux/OrangePi-Kernel/linux-3.4.113/modules/mali/DX910-SW-99002-r4p0-00rel0/driver/src/devicedrv/mali/common/mali_pp.o
  CC [M]  /home/vagrant/orangepi_h3_linux/OrangePi-Kernel/linux-3.4.113/modules/mali/DX910-SW-99002-r4p0-00rel0/driver/src/devicedrv/mali/common/mali_pp_job.o
  CC [M]  /home/vagrant/orangepi_h3_linux/OrangePi-Kernel/linux-3.4.113/modules/mali/DX910-SW-99002-r4p0-00rel0/driver/src/devicedrv/mali/common/mali_gp_job.o
  CC [M]  /home/vagrant/orangepi_h3_linux/OrangePi-Kernel/linux-3.4.113/modules/mali/DX910-SW-99002-r4p0-00rel0/driver/src/devicedrv/mali/common/mali_soft_job.o
  CC [M]  /home/vagrant/orangepi_h3_linux/OrangePi-Kernel/linux-3.4.113/modules/mali/DX910-SW-99002-r4p0-00rel0/driver/src/devicedrv/mali/common/mali_scheduler.o
  CC [M]  /home/vagrant/orangepi_h3_linux/OrangePi-Kernel/linux-3.4.113/modules/mali/DX910-SW-99002-r4p0-00rel0/driver/src/devicedrv/mali/common/mali_gp_scheduler.o
  CC [M]  /home/vagrant/orangepi_h3_linux/OrangePi-Kernel/linux-3.4.113/modules/mali/DX910-SW-99002-r4p0-00rel0/driver/src/devicedrv/mali/common/mali_pp_scheduler.o
  CC [M]  /home/vagrant/orangepi_h3_linux/OrangePi-Kernel/linux-3.4.113/modules/mali/DX910-SW-99002-r4p0-00rel0/driver/src/devicedrv/mali/common/mali_group.o
  CC [M]  /home/vagrant/orangepi_h3_linux/OrangePi-Kernel/linux-3.4.113/modules/mali/DX910-SW-99002-r4p0-00rel0/driver/src/devicedrv/mali/common/mali_dlbu.o
  CC [M]  /home/vagrant/orangepi_h3_linux/OrangePi-Kernel/linux-3.4.113/modules/mali/DX910-SW-99002-r4p0-00rel0/driver/src/devicedrv/mali/common/mali_broadcast.o
  CC [M]  /home/vagrant/orangepi_h3_linux/OrangePi-Kernel/linux-3.4.113/modules/mali/DX910-SW-99002-r4p0-00rel0/driver/src/devicedrv/mali/common/mali_pm.o
  CC [M]  /home/vagrant/orangepi_h3_linux/OrangePi-Kernel/linux-3.4.113/modules/mali/DX910-SW-99002-r4p0-00rel0/driver/src/devicedrv/mali/common/mali_pmu.o
  CC [M]  /home/vagrant/orangepi_h3_linux/OrangePi-Kernel/linux-3.4.113/modules/mali/DX910-SW-99002-r4p0-00rel0/driver/src/devicedrv/mali/common/mali_user_settings_db.o
  CC [M]  /home/vagrant/orangepi_h3_linux/OrangePi-Kernel/linux-3.4.113/modules/mali/DX910-SW-99002-r4p0-00rel0/driver/src/devicedrv/mali/common/mali_kernel_utilization.o
  CC [M]  /home/vagrant/orangepi_h3_linux/OrangePi-Kernel/linux-3.4.113/modules/mali/DX910-SW-99002-r4p0-00rel0/driver/src/devicedrv/mali/common/mali_l2_cache.o
  CC [M]  /home/vagrant/orangepi_h3_linux/OrangePi-Kernel/linux-3.4.113/modules/mali/DX910-SW-99002-r4p0-00rel0/driver/src/devicedrv/mali/common/mali_dma.o
  CC [M]  /home/vagrant/orangepi_h3_linux/OrangePi-Kernel/linux-3.4.113/modules/mali/DX910-SW-99002-r4p0-00rel0/driver/src/devicedrv/mali/common/mali_timeline.o
  CC [M]  /home/vagrant/orangepi_h3_linux/OrangePi-Kernel/linux-3.4.113/modules/mali/DX910-SW-99002-r4p0-00rel0/driver/src/devicedrv/mali/common/mali_timeline_fence_wait.o
  CC [M]  /home/vagrant/orangepi_h3_linux/OrangePi-Kernel/linux-3.4.113/modules/mali/DX910-SW-99002-r4p0-00rel0/driver/src/devicedrv/mali/common/mali_timeline_sync_fence.o
  CC [M]  /home/vagrant/orangepi_h3_linux/OrangePi-Kernel/linux-3.4.113/modules/mali/DX910-SW-99002-r4p0-00rel0/driver/src/devicedrv/mali/common/mali_spinlock_reentrant.o
  CC [M]  /home/vagrant/orangepi_h3_linux/OrangePi-Kernel/linux-3.4.113/modules/mali/DX910-SW-99002-r4p0-00rel0/driver/src/devicedrv/mali/common/mali_pm_domain.o
  CC [M]  /home/vagrant/orangepi_h3_linux/OrangePi-Kernel/linux-3.4.113/modules/mali/DX910-SW-99002-r4p0-00rel0/driver/src/devicedrv/mali/linux/mali_osk_pm.o
  CC [M]  /home/vagrant/orangepi_h3_linux/OrangePi-Kernel/linux-3.4.113/modules/mali/DX910-SW-99002-r4p0-00rel0/driver/src/devicedrv/mali/linux/mali_pmu_power_up_down.o
  CC [M]  /home/vagrant/orangepi_h3_linux/OrangePi-Kernel/linux-3.4.113/modules/mali/DX910-SW-99002-r4p0-00rel0/driver/src/devicedrv/mali/linux/mali_ukk_profiling.o
  CC [M]  /home/vagrant/orangepi_h3_linux/OrangePi-Kernel/linux-3.4.113/modules/mali/DX910-SW-99002-r4p0-00rel0/driver/src/devicedrv/mali/linux/mali_osk_profiling.o
  CC [M]  /home/vagrant/orangepi_h3_linux/OrangePi-Kernel/linux-3.4.113/modules/mali/DX910-SW-99002-r4p0-00rel0/driver/src/devicedrv/mali/linux/mali_memory_dma_buf.o
  CC [M]  /home/vagrant/orangepi_h3_linux/OrangePi-Kernel/linux-3.4.113/modules/mali/DX910-SW-99002-r4p0-00rel0/driver/src/devicedrv/mali/linux/mali_sync.o
  CC [M]  /home/vagrant/orangepi_h3_linux/OrangePi-Kernel/linux-3.4.113/modules/mali/DX910-SW-99002-r4p0-00rel0/driver/src/devicedrv/mali/linux/mali_memory_ump.o
  CC [M]  /home/vagrant/orangepi_h3_linux/OrangePi-Kernel/linux-3.4.113/modules/mali/DX910-SW-99002-r4p0-00rel0/driver/src/devicedrv/mali/__malidrv_build_info.o
  LD [M]  /home/vagrant/orangepi_h3_linux/OrangePi-Kernel/linux-3.4.113/modules/mali/DX910-SW-99002-r4p0-00rel0/driver/src/devicedrv/mali/mali.o
  Building modules, stage 2.
  MODPOST 1 modules
  CC      /home/vagrant/orangepi_h3_linux/OrangePi-Kernel/linux-3.4.113/modules/mali/DX910-SW-99002-r4p0-00rel0/driver/src/devicedrv/mali/mali.mod.o
  LD [M]  /home/vagrant/orangepi_h3_linux/OrangePi-Kernel/linux-3.4.113/modules/mali/DX910-SW-99002-r4p0-00rel0/driver/src/devicedrv/mali/mali.ko
make[2]: Leaving directory '/home/vagrant/orangepi_h3_linux/OrangePi-Kernel/linux-3.4.113'
make[1]: Leaving directory '/home/vagrant/orangepi_h3_linux/OrangePi-Kernel/linux-3.4.113/modules/mali/DX910-SW-99002-r4p0-00rel0/driver/src/devicedrv/mali'
make -j16 -C DX910-SW-99002-r4p0-00rel0/driver/src/egl/x11/drm_module/mali_drm CONFIG=ca8-virtex820-m400-1 BUILD=release KDIR=/home/vagrant/orangepi_h3_linux/OrangePi-Kernel/linux-3.4.113; \

make[1]: Entering directory '/home/vagrant/orangepi_h3_linux/OrangePi-Kernel/linux-3.4.113/modules/mali/DX910-SW-99002-r4p0-00rel0/driver/src/egl/x11/drm_module/mali_drm'
make ARCH=arm -C /home/vagrant/orangepi_h3_linux/OrangePi-Kernel/linux-3.4.113 M=/home/vagrant/orangepi_h3_linux/OrangePi-Kernel/linux-3.4.113/modules/mali/DX910-SW-99002-r4p0-00rel0/driver/src/egl/x11/drm_module/mali_drm modules
make[2]: Entering directory '/home/vagrant/orangepi_h3_linux/OrangePi-Kernel/linux-3.4.113'
  CC [M]  /home/vagrant/orangepi_h3_linux/OrangePi-Kernel/linux-3.4.113/modules/mali/DX910-SW-99002-r4p0-00rel0/driver/src/egl/x11/drm_module/mali_drm/mali/mali_drv.o
  CC [M]  /home/vagrant/orangepi_h3_linux/OrangePi-Kernel/linux-3.4.113/modules/mali/DX910-SW-99002-r4p0-00rel0/driver/src/egl/x11/drm_module/mali_drm/mali/mali_mm.o
/home/vagrant/orangepi_h3_linux/OrangePi-Kernel/linux-3.4.113/modules/mali/DX910-SW-99002-r4p0-00rel0/driver/src/egl/x11/drm_module/mali_drm/mali/mali_mm.c:172:25: warning: ‘mem_reg_init’ defined but not used [-Wunused-function]
  LD [M]  /home/vagrant/orangepi_h3_linux/OrangePi-Kernel/linux-3.4.113/modules/mali/DX910-SW-99002-r4p0-00rel0/driver/src/egl/x11/drm_module/mali_drm/mali_drm.o
  Building modules, stage 2.
  MODPOST 1 modules
  CC      /home/vagrant/orangepi_h3_linux/OrangePi-Kernel/linux-3.4.113/modules/mali/DX910-SW-99002-r4p0-00rel0/driver/src/egl/x11/drm_module/mali_drm/mali_drm.mod.o
  LD [M]  /home/vagrant/orangepi_h3_linux/OrangePi-Kernel/linux-3.4.113/modules/mali/DX910-SW-99002-r4p0-00rel0/driver/src/egl/x11/drm_module/mali_drm/mali_drm.ko
make[2]: Leaving directory '/home/vagrant/orangepi_h3_linux/OrangePi-Kernel/linux-3.4.113'
make[1]: Leaving directory '/home/vagrant/orangepi_h3_linux/OrangePi-Kernel/linux-3.4.113/modules/mali/DX910-SW-99002-r4p0-00rel0/driver/src/egl/x11/drm_module/mali_drm'
LICHEE_KDIR: /home/vagrant/orangepi_h3_linux/OrangePi-Kernel/linux-3.4.113
LICHEE_PLATFORM: linux
UMP_ENABLE: 1
if [ 1 -eq 1 ]; then \
	make -j16 -C DX910-SW-99002-r4p0-00rel0/driver/src/devicedrv/ump CONFIG=ca8-virtex820-m400-1 BUILD=release KDIR=/home/vagrant/orangepi_h3_linux/OrangePi-Kernel/linux-3.4.113; \
fi
make[1]: Entering directory '/home/vagrant/orangepi_h3_linux/OrangePi-Kernel/linux-3.4.113/modules/mali/DX910-SW-99002-r4p0-00rel0/driver/src/devicedrv/ump'
make -C /home/vagrant/orangepi_h3_linux/OrangePi-Kernel/linux-3.4.113 M=/home/vagrant/orangepi_h3_linux/OrangePi-Kernel/linux-3.4.113/modules/mali/DX910-SW-99002-r4p0-00rel0/driver/src/devicedrv/ump modules
make[2]: Entering directory '/home/vagrant/orangepi_h3_linux/OrangePi-Kernel/linux-3.4.113'
  CC [M]  /home/vagrant/orangepi_h3_linux/OrangePi-Kernel/linux-3.4.113/modules/mali/DX910-SW-99002-r4p0-00rel0/driver/src/devicedrv/ump/linux/ump_kernel_linux.o
  CC [M]  /home/vagrant/orangepi_h3_linux/OrangePi-Kernel/linux-3.4.113/modules/mali/DX910-SW-99002-r4p0-00rel0/driver/src/devicedrv/ump/linux/ump_memory_backend.o
  CC [M]  /home/vagrant/orangepi_h3_linux/OrangePi-Kernel/linux-3.4.113/modules/mali/DX910-SW-99002-r4p0-00rel0/driver/src/devicedrv/ump/../mali/linux/mali_osk_atomics.o
  CC [M]  /home/vagrant/orangepi_h3_linux/OrangePi-Kernel/linux-3.4.113/modules/mali/DX910-SW-99002-r4p0-00rel0/driver/src/devicedrv/ump/../mali/linux/mali_osk_locks.o
  CC [M]  /home/vagrant/orangepi_h3_linux/OrangePi-Kernel/linux-3.4.113/modules/mali/DX910-SW-99002-r4p0-00rel0/driver/src/devicedrv/ump/../mali/linux/mali_osk_memory.o
  CC [M]  /home/vagrant/orangepi_h3_linux/OrangePi-Kernel/linux-3.4.113/modules/mali/DX910-SW-99002-r4p0-00rel0/driver/src/devicedrv/ump/../mali/linux/mali_osk_math.o
  CC [M]  /home/vagrant/orangepi_h3_linux/OrangePi-Kernel/linux-3.4.113/modules/mali/DX910-SW-99002-r4p0-00rel0/driver/src/devicedrv/ump/../mali/linux/mali_osk_misc.o
  LD [M]  /home/vagrant/orangepi_h3_linux/OrangePi-Kernel/linux-3.4.113/modules/mali/DX910-SW-99002-r4p0-00rel0/driver/src/devicedrv/ump/ump.o
  Building modules, stage 2.
  MODPOST 1 modules
  LD [M]  /home/vagrant/orangepi_h3_linux/OrangePi-Kernel/linux-3.4.113/modules/mali/DX910-SW-99002-r4p0-00rel0/driver/src/devicedrv/ump/ump.ko
make[2]: Leaving directory '/home/vagrant/orangepi_h3_linux/OrangePi-Kernel/linux-3.4.113'
make[1]: Leaving directory '/home/vagrant/orangepi_h3_linux/OrangePi-Kernel/linux-3.4.113/modules/mali/DX910-SW-99002-r4p0-00rel0/driver/src/devicedrv/ump'
make -j16 -C DX910-SW-99002-r4p0-00rel0/driver/src/devicedrv/mali USING_MMU=1 USING_UMP=1 USING_PMM=1 BUILD=release \
	KDIR=/home/vagrant/orangepi_h3_linux/OrangePi-Kernel/linux-3.4.113
make[1]: Entering directory '/home/vagrant/orangepi_h3_linux/OrangePi-Kernel/linux-3.4.113/modules/mali/DX910-SW-99002-r4p0-00rel0/driver/src/devicedrv/mali'
Makefile:76: /home/vagrant/orangepi_h3_linux/OrangePi-Kernel/linux-3.4.113/modules/mali/DX910-SW-99002-r4p0-00rel0/driver/src/devicedrv/ump/Module.symvers
make ARCH=arm -C /home/vagrant/orangepi_h3_linux/OrangePi-Kernel/linux-3.4.113 M=/home/vagrant/orangepi_h3_linux/OrangePi-Kernel/linux-3.4.113/modules/mali/DX910-SW-99002-r4p0-00rel0/driver/src/devicedrv/mali modules
make[2]: Entering directory '/home/vagrant/orangepi_h3_linux/OrangePi-Kernel/linux-3.4.113'
  CC [M]  /home/vagrant/orangepi_h3_linux/OrangePi-Kernel/linux-3.4.113/modules/mali/DX910-SW-99002-r4p0-00rel0/driver/src/devicedrv/mali/linux/mali_osk_atomics.o
  CC [M]  /home/vagrant/orangepi_h3_linux/OrangePi-Kernel/linux-3.4.113/modules/mali/DX910-SW-99002-r4p0-00rel0/driver/src/devicedrv/mali/linux/mali_osk_locks.o
  CC [M]  /home/vagrant/orangepi_h3_linux/OrangePi-Kernel/linux-3.4.113/modules/mali/DX910-SW-99002-r4p0-00rel0/driver/src/devicedrv/mali/linux/mali_osk_math.o
  CC [M]  /home/vagrant/orangepi_h3_linux/OrangePi-Kernel/linux-3.4.113/modules/mali/DX910-SW-99002-r4p0-00rel0/driver/src/devicedrv/mali/linux/mali_osk_memory.o
  CC [M]  /home/vagrant/orangepi_h3_linux/OrangePi-Kernel/linux-3.4.113/modules/mali/DX910-SW-99002-r4p0-00rel0/driver/src/devicedrv/mali/linux/mali_osk_misc.o
  CC [M]  /home/vagrant/orangepi_h3_linux/OrangePi-Kernel/linux-3.4.113/modules/mali/DX910-SW-99002-r4p0-00rel0/driver/src/devicedrv/mali/__malidrv_build_info.o
  LD [M]  /home/vagrant/orangepi_h3_linux/OrangePi-Kernel/linux-3.4.113/modules/mali/DX910-SW-99002-r4p0-00rel0/driver/src/devicedrv/mali/mali.o
  Building modules, stage 2.
  MODPOST 1 modules
  CC      /home/vagrant/orangepi_h3_linux/OrangePi-Kernel/linux-3.4.113/modules/mali/DX910-SW-99002-r4p0-00rel0/driver/src/devicedrv/mali/mali.mod.o
  LD [M]  /home/vagrant/orangepi_h3_linux/OrangePi-Kernel/linux-3.4.113/modules/mali/DX910-SW-99002-r4p0-00rel0/driver/src/devicedrv/mali/mali.ko
make[2]: Leaving directory '/home/vagrant/orangepi_h3_linux/OrangePi-Kernel/linux-3.4.113'
make[1]: Leaving directory '/home/vagrant/orangepi_h3_linux/OrangePi-Kernel/linux-3.4.113/modules/mali/DX910-SW-99002-r4p0-00rel0/driver/src/devicedrv/mali'
make -j16 -C DX910-SW-99002-r4p0-00rel0/driver/src/egl/x11/drm_module/mali_drm CONFIG=ca8-virtex820-m400-1 BUILD=release KDIR=/home/vagrant/orangepi_h3_linux/OrangePi-Kernel/linux-3.4.113; \

make[1]: Entering directory '/home/vagrant/orangepi_h3_linux/OrangePi-Kernel/linux-3.4.113/modules/mali/DX910-SW-99002-r4p0-00rel0/driver/src/egl/x11/drm_module/mali_drm'
make ARCH=arm -C /home/vagrant/orangepi_h3_linux/OrangePi-Kernel/linux-3.4.113 M=/home/vagrant/orangepi_h3_linux/OrangePi-Kernel/linux-3.4.113/modules/mali/DX910-SW-99002-r4p0-00rel0/driver/src/egl/x11/drm_module/mali_drm modules
make[2]: Entering directory '/home/vagrant/orangepi_h3_linux/OrangePi-Kernel/linux-3.4.113'
  Building modules, stage 2.
  MODPOST 1 modules
make[2]: Leaving directory '/home/vagrant/orangepi_h3_linux/OrangePi-Kernel/linux-3.4.113'
make[1]: Leaving directory '/home/vagrant/orangepi_h3_linux/OrangePi-Kernel/linux-3.4.113/modules/mali/DX910-SW-99002-r4p0-00rel0/driver/src/egl/x11/drm_module/mali_drm'
cp DX910-SW-99002-r4p0-00rel0/driver/src/devicedrv/mali/mali.ko /home/vagrant/orangepi_h3_linux/OrangePi-Kernel/linux-3.4.113/output/lib/modules/3.4.113/
cp DX910-SW-99002-r4p0-00rel0/driver/src/egl/x11/drm_module/mali_drm/mali_drm.ko /home/vagrant/orangepi_h3_linux/OrangePi-Kernel/linux-3.4.113/output/lib/modules/3.4.113/
if [ 1 -eq 1 ]; then \
	cp DX910-SW-99002-r4p0-00rel0/driver/src/devicedrv/ump/ump.ko /home/vagrant/orangepi_h3_linux/OrangePi-Kernel/linux-3.4.113/output/lib/modules/3.4.113/; \
fi
